mode: set
github.com/mar0ls/go-sysproxy/appconfig.go:28.57,29.51 1 1
github.com/mar0ls/go-sysproxy/appconfig.go:29.51,31.3 1 0
github.com/mar0ls/go-sysproxy/appconfig.go:32.2,33.13 2 1
github.com/mar0ls/go-sysproxy/appconfig.go:34.15,35.30 1 1
github.com/mar0ls/go-sysproxy/appconfig.go:36.14,37.32 1 0
github.com/mar0ls/go-sysproxy/appconfig.go:38.14,39.32 1 0
github.com/mar0ls/go-sysproxy/appconfig.go:40.14,41.31 1 1
github.com/mar0ls/go-sysproxy/appconfig.go:42.15,43.30 1 1
github.com/mar0ls/go-sysproxy/appconfig.go:44.10,45.57 1 1
github.com/mar0ls/go-sysproxy/appconfig.go:47.2,48.12 2 1
github.com/mar0ls/go-sysproxy/appconfig.go:52.40,54.13 2 1
github.com/mar0ls/go-sysproxy/appconfig.go:55.15,56.22 1 1
github.com/mar0ls/go-sysproxy/appconfig.go:57.14,58.24 1 0
github.com/mar0ls/go-sysproxy/appconfig.go:59.14,60.24 1 0
github.com/mar0ls/go-sysproxy/appconfig.go:61.14,62.23 1 0
github.com/mar0ls/go-sysproxy/appconfig.go:63.15,64.22 1 0
github.com/mar0ls/go-sysproxy/appconfig.go:65.10,66.57 1 0
github.com/mar0ls/go-sysproxy/appconfig.go:68.2,69.12 2 1
github.com/mar0ls/go-sysproxy/appconfig.go:74.41,76.16 2 1
github.com/mar0ls/go-sysproxy/appconfig.go:76.16,78.3 1 0
github.com/mar0ls/go-sysproxy/appconfig.go:79.2,79.57 1 1
github.com/mar0ls/go-sysproxy/appconfig.go:82.26,84.16 2 1
github.com/mar0ls/go-sysproxy/appconfig.go:84.16,86.3 1 0
github.com/mar0ls/go-sysproxy/appconfig.go:87.2,87.49 1 1
github.com/mar0ls/go-sysproxy/appconfig.go:92.35,94.2 1 0
github.com/mar0ls/go-sysproxy/appconfig.go:96.43,97.25 1 0
github.com/mar0ls/go-sysproxy/appconfig.go:97.25,99.3 1 0
github.com/mar0ls/go-sysproxy/appconfig.go:100.2,100.77 1 0
github.com/mar0ls/go-sysproxy/appconfig.go:100.77,102.3 1 0
github.com/mar0ls/go-sysproxy/appconfig.go:103.2,103.78 1 0
github.com/mar0ls/go-sysproxy/appconfig.go:103.78,105.3 1 0
github.com/mar0ls/go-sysproxy/appconfig.go:106.2,106.12 1 0
github.com/mar0ls/go-sysproxy/appconfig.go:109.28,110.25 1 0
github.com/mar0ls/go-sysproxy/appconfig.go:110.25,112.3 1 0
github.com/mar0ls/go-sysproxy/appconfig.go:113.2,115.12 3 0
github.com/mar0ls/go-sysproxy/appconfig.go:120.35,122.2 1 0
github.com/mar0ls/go-sysproxy/appconfig.go:124.43,125.25 1 0
github.com/mar0ls/go-sysproxy/appconfig.go:125.25,127.3 1 0
github.com/mar0ls/go-sysproxy/appconfig.go:128.2,128.67 1 0
github.com/mar0ls/go-sysproxy/appconfig.go:128.67,130.3 1 0
github.com/mar0ls/go-sysproxy/appconfig.go:131.2,131.73 1 0
github.com/mar0ls/go-sysproxy/appconfig.go:131.73,133.3 1 0
github.com/mar0ls/go-sysproxy/appconfig.go:134.2,134.12 1 0
github.com/mar0ls/go-sysproxy/appconfig.go:137.28,138.25 1 0
github.com/mar0ls/go-sysproxy/appconfig.go:138.25,140.3 1 0
github.com/mar0ls/go-sysproxy/appconfig.go:141.2,143.12 3 0
github.com/mar0ls/go-sysproxy/appconfig.go:148.42,150.16 2 1
github.com/mar0ls/go-sysproxy/appconfig.go:150.16,152.3 1 0
github.com/mar0ls/go-sysproxy/appconfig.go:153.2,153.63 1 1
github.com/mar0ls/go-sysproxy/appconfig.go:153.63,155.3 1 0
github.com/mar0ls/go-sysproxy/appconfig.go:156.2,156.55 1 1
github.com/mar0ls/go-sysproxy/appconfig.go:159.27,161.16 2 0
github.com/mar0ls/go-sysproxy/appconfig.go:161.16,163.3 1 0
github.com/mar0ls/go-sysproxy/appconfig.go:164.2,164.46 1 0
github.com/mar0ls/go-sysproxy/appconfig.go:167.36,169.16 2 1
github.com/mar0ls/go-sysproxy/appconfig.go:169.16,171.3 1 0
github.com/mar0ls/go-sysproxy/appconfig.go:172.2,172.63 1 1
github.com/mar0ls/go-sysproxy/appconfig.go:177.41,179.16 2 1
github.com/mar0ls/go-sysproxy/appconfig.go:179.16,181.3 1 0
github.com/mar0ls/go-sysproxy/appconfig.go:182.2,182.78 1 1
github.com/mar0ls/go-sysproxy/appconfig.go:182.78,184.3 1 0
github.com/mar0ls/go-sysproxy/appconfig.go:185.2,185.63 1 1
github.com/mar0ls/go-sysproxy/appconfig.go:188.26,190.16 2 0
github.com/mar0ls/go-sysproxy/appconfig.go:190.16,192.3 1 0
github.com/mar0ls/go-sysproxy/appconfig.go:193.2,193.69 1 0
github.com/mar0ls/go-sysproxy/appconfig.go:198.50,200.16 2 1
github.com/mar0ls/go-sysproxy/appconfig.go:200.16,202.3 1 0
github.com/mar0ls/go-sysproxy/appconfig.go:203.2,203.39 1 1
github.com/mar0ls/go-sysproxy/appconfig.go:208.59,210.39 2 1
github.com/mar0ls/go-sysproxy/appconfig.go:210.39,212.3 1 0
github.com/mar0ls/go-sysproxy/appconfig.go:213.2,215.26 3 1
github.com/mar0ls/go-sysproxy/appconfig.go:215.26,216.35 1 1
github.com/mar0ls/go-sysproxy/appconfig.go:216.35,219.4 2 0
github.com/mar0ls/go-sysproxy/appconfig.go:221.2,221.12 1 1
github.com/mar0ls/go-sysproxy/appconfig.go:221.12,223.3 1 1
github.com/mar0ls/go-sysproxy/appconfig.go:224.2,224.32 1 1
github.com/mar0ls/go-sysproxy/appconfig.go:228.65,230.16 2 1
github.com/mar0ls/go-sysproxy/appconfig.go:230.16,231.25 1 0
github.com/mar0ls/go-sysproxy/appconfig.go:231.25,233.4 1 0
github.com/mar0ls/go-sysproxy/appconfig.go:234.3,234.13 1 0
github.com/mar0ls/go-sysproxy/appconfig.go:236.2,237.25 2 1
github.com/mar0ls/go-sysproxy/appconfig.go:237.25,239.3 1 1
github.com/mar0ls/go-sysproxy/appconfig.go:240.2,241.26 2 1
github.com/mar0ls/go-sysproxy/appconfig.go:241.26,243.36 2 1
github.com/mar0ls/go-sysproxy/appconfig.go:243.36,245.4 1 0
github.com/mar0ls/go-sysproxy/appconfig.go:247.2,247.31 1 1
github.com/mar0ls/go-sysproxy/appconfig.go:251.58,253.39 2 1
github.com/mar0ls/go-sysproxy/appconfig.go:253.39,255.3 1 0
github.com/mar0ls/go-sysproxy/appconfig.go:256.2,260.26 5 1
github.com/mar0ls/go-sysproxy/appconfig.go:260.26,262.24 2 0
github.com/mar0ls/go-sysproxy/appconfig.go:262.24,264.12 2 0
github.com/mar0ls/go-sysproxy/appconfig.go:266.3,266.38 1 0
github.com/mar0ls/go-sysproxy/appconfig.go:266.38,268.4 1 0
github.com/mar0ls/go-sysproxy/appconfig.go:269.3,269.55 1 0
github.com/mar0ls/go-sysproxy/appconfig.go:269.55,272.4 2 0
github.com/mar0ls/go-sysproxy/appconfig.go:274.2,274.12 1 1
github.com/mar0ls/go-sysproxy/appconfig.go:274.12,277.27 2 1
github.com/mar0ls/go-sysproxy/appconfig.go:277.27,278.38 1 0
github.com/mar0ls/go-sysproxy/appconfig.go:278.38,280.10 2 0
github.com/mar0ls/go-sysproxy/appconfig.go:283.3,283.17 1 1
github.com/mar0ls/go-sysproxy/appconfig.go:283.17,285.4 1 1
github.com/mar0ls/go-sysproxy/appconfig.go:286.3,286.31 1 1
github.com/mar0ls/go-sysproxy/appconfig.go:288.2,288.32 1 1
github.com/mar0ls/go-sysproxy/appconfig.go:292.52,294.16 2 0
github.com/mar0ls/go-sysproxy/appconfig.go:294.16,295.25 1 0
github.com/mar0ls/go-sysproxy/appconfig.go:295.25,297.4 1 0
github.com/mar0ls/go-sysproxy/appconfig.go:298.3,298.13 1 0
github.com/mar0ls/go-sysproxy/appconfig.go:300.2,303.26 4 0
github.com/mar0ls/go-sysproxy/appconfig.go:303.26,305.24 2 0
github.com/mar0ls/go-sysproxy/appconfig.go:305.24,308.12 3 0
github.com/mar0ls/go-sysproxy/appconfig.go:310.3,310.38 1 0
github.com/mar0ls/go-sysproxy/appconfig.go:310.38,312.4 1 0
github.com/mar0ls/go-sysproxy/appconfig.go:313.3,313.51 1 0
github.com/mar0ls/go-sysproxy/appconfig.go:313.51,314.12 1 0
github.com/mar0ls/go-sysproxy/appconfig.go:316.3,316.25 1 0
github.com/mar0ls/go-sysproxy/appconfig.go:318.2,318.31 1 0
github.com/mar0ls/go-sysproxy/appconfig.go:321.47,323.16 2 1
github.com/mar0ls/go-sysproxy/appconfig.go:323.16,325.3 1 1
github.com/mar0ls/go-sysproxy/appconfig.go:326.2,326.15 1 1
github.com/mar0ls/go-sysproxy/appconfig.go:326.15,327.35 1 1
github.com/mar0ls/go-sysproxy/appconfig.go:327.35,329.4 1 0
github.com/mar0ls/go-sysproxy/appconfig.go:331.2,333.16 3 1
github.com/mar0ls/go-sysproxy/appconfig.go:333.16,335.3 1 1
github.com/mar0ls/go-sysproxy/appconfig.go:336.2,336.24 1 1
github.com/mar0ls/go-sysproxy/appconfig.go:339.52,341.20 2 1
github.com/mar0ls/go-sysproxy/appconfig.go:341.20,343.3 1 1
github.com/mar0ls/go-sysproxy/appconfig.go:344.2,344.51 1 1
github.com/mar0ls/go-sysproxy/check.go:17.56,18.51 1 0
github.com/mar0ls/go-sysproxy/check.go:18.51,20.3 1 0
github.com/mar0ls/go-sysproxy/check.go:21.2,22.16 2 0
github.com/mar0ls/go-sysproxy/check.go:22.16,24.3 1 0
github.com/mar0ls/go-sysproxy/check.go:25.2,26.16 2 0
github.com/mar0ls/go-sysproxy/check.go:26.16,28.3 1 0
github.com/mar0ls/go-sysproxy/check.go:29.2,32.16 4 0
github.com/mar0ls/go-sysproxy/check.go:32.16,34.3 1 0
github.com/mar0ls/go-sysproxy/check.go:35.2,35.21 1 0
github.com/mar0ls/go-sysproxy/check.go:38.45,39.16 1 0
github.com/mar0ls/go-sysproxy/check.go:40.15,41.15 1 0
github.com/mar0ls/go-sysproxy/check.go:42.35,43.16 1 0
github.com/mar0ls/go-sysproxy/check.go:44.10,45.14 1 0
github.com/mar0ls/go-sysproxy/env.go:5.34,6.113 1 1
github.com/mar0ls/go-sysproxy/env.go:6.113,8.3 1 1
github.com/mar0ls/go-sysproxy/env.go:9.2,10.54 2 1
github.com/mar0ls/go-sysproxy/env.go:13.21,17.4 1 1
github.com/mar0ls/go-sysproxy/env.go:17.4,19.3 1 1
github.com/mar0ls/go-sysproxy/env.go:22.35,23.113 1 0
github.com/mar0ls/go-sysproxy/env.go:23.113,25.3 1 0
github.com/mar0ls/go-sysproxy/env.go:26.2,28.36 3 0
github.com/mar0ls/go-sysproxy/env.go:31.39,32.20 1 0
github.com/mar0ls/go-sysproxy/env.go:32.20,35.3 2 0
github.com/mar0ls/go-sysproxy/env.go:36.2,36.21 1 0
github.com/mar0ls/go-sysproxy/env.go:36.21,39.3 2 0
github.com/mar0ls/go-sysproxy/env.go:40.2,40.21 1 0
github.com/mar0ls/go-sysproxy/env.go:40.21,43.3 2 0
github.com/mar0ls/go-sysproxy/env.go:44.2,44.23 1 0
github.com/mar0ls/go-sysproxy/env.go:44.23,47.3 2 0
github.com/mar0ls/go-sysproxy/helpers.go:8.36,11.2 2 0
github.com/mar0ls/go-sysproxy/helpers.go:13.40,15.16 2 0
github.com/mar0ls/go-sysproxy/helpers.go:15.16,17.3 1 0
github.com/mar0ls/go-sysproxy/helpers.go:18.2,18.21 1 0
github.com/mar0ls/go-sysproxy/helpers.go:21.40,23.16 2 0
github.com/mar0ls/go-sysproxy/helpers.go:23.16,25.3 1 0
github.com/mar0ls/go-sysproxy/helpers.go:26.2,26.17 1 0
github.com/mar0ls/go-sysproxy/logger.go:26.26,30.2 3 1
github.com/mar0ls/go-sysproxy/logger.go:32.39,36.14 4 1
github.com/mar0ls/go-sysproxy/logger.go:36.14,38.3 1 1
github.com/mar0ls/go-sysproxy/rcfile_unix.go:13.37,24.2 1 0
github.com/mar0ls/go-sysproxy/rcfile_unix.go:27.24,29.2 1 0
github.com/mar0ls/go-sysproxy/rcfile_unix.go:31.38,33.2 1 0
github.com/mar0ls/go-sysproxy/rcfile_unix.go:35.42,37.20 2 0
github.com/mar0ls/go-sysproxy/rcfile_unix.go:37.20,39.3 1 0
github.com/mar0ls/go-sysproxy/rcfile_unix.go:40.2,40.21 1 0
github.com/mar0ls/go-sysproxy/rcfile_unix.go:40.21,42.3 1 0
github.com/mar0ls/go-sysproxy/rcfile_unix.go:43.2,43.21 1 0
github.com/mar0ls/go-sysproxy/rcfile_unix.go:43.21,45.3 1 0
github.com/mar0ls/go-sysproxy/rcfile_unix.go:46.2,46.23 1 0
github.com/mar0ls/go-sysproxy/rcfile_unix.go:46.23,48.3 1 0
github.com/mar0ls/go-sysproxy/rcfile_unix.go:49.2,49.34 1 0
github.com/mar0ls/go-sysproxy/rcfile_unix.go:52.45,54.16 2 0
github.com/mar0ls/go-sysproxy/rcfile_unix.go:54.16,56.3 1 0
github.com/mar0ls/go-sysproxy/rcfile_unix.go:57.2,57.33 1 0
github.com/mar0ls/go-sysproxy/rcfile_unix.go:57.33,60.17 3 0
github.com/mar0ls/go-sysproxy/rcfile_unix.go:60.17,61.12 1 0
github.com/mar0ls/go-sysproxy/rcfile_unix.go:63.3,63.27 1 0
github.com/mar0ls/go-sysproxy/rcfile_unix.go:63.27,65.4 1 0
github.com/mar0ls/go-sysproxy/rcfile_unix.go:66.3,66.35 1 0
github.com/mar0ls/go-sysproxy/rcfile_unix.go:66.35,68.4 1 0
github.com/mar0ls/go-sysproxy/rcfile_unix.go:70.2,70.12 1 0
github.com/mar0ls/go-sysproxy/rcfile_unix.go:73.37,75.16 2 0
github.com/mar0ls/go-sysproxy/rcfile_unix.go:75.16,77.3 1 0
github.com/mar0ls/go-sysproxy/rcfile_unix.go:78.2,78.33 1 0
github.com/mar0ls/go-sysproxy/rcfile_unix.go:78.33,81.17 3 0
github.com/mar0ls/go-sysproxy/rcfile_unix.go:81.17,82.12 1 0
github.com/mar0ls/go-sysproxy/rcfile_unix.go:84.3,85.58 2 0
github.com/mar0ls/go-sysproxy/rcfile_unix.go:85.58,87.42 1 0
github.com/mar0ls/go-sysproxy/rcfile_unix.go:87.42,88.13 1 0
github.com/mar0ls/go-sysproxy/rcfile_unix.go:90.4,90.29 1 0
github.com/mar0ls/go-sysproxy/rcfile_unix.go:92.3,92.66 1 0
github.com/mar0ls/go-sysproxy/rcfile_unix.go:94.2,94.12 1 0
github.com/mar0ls/go-sysproxy/sysproxy.go:46.51,47.51 1 1
github.com/mar0ls/go-sysproxy/sysproxy.go:47.51,49.3 1 1
github.com/mar0ls/go-sysproxy/sysproxy.go:50.2,51.16 2 1
github.com/mar0ls/go-sysproxy/sysproxy.go:51.16,53.3 1 0
github.com/mar0ls/go-sysproxy/sysproxy.go:54.2,54.15 1 1
github.com/mar0ls/go-sysproxy/sysproxy.go:55.18,58.13 3 1
github.com/mar0ls/go-sysproxy/sysproxy.go:59.17,63.13 4 0
github.com/mar0ls/go-sysproxy/sysproxy.go:64.19,68.13 4 0
github.com/mar0ls/go-sysproxy/sysproxy.go:69.10,70.57 1 1
github.com/mar0ls/go-sysproxy/sysproxy.go:77.36,78.15 1 1
github.com/mar0ls/go-sysproxy/sysproxy.go:79.18,82.13 3 1
github.com/mar0ls/go-sysproxy/sysproxy.go:83.17,87.13 4 0
github.com/mar0ls/go-sysproxy/sysproxy.go:88.19,92.13 4 0
github.com/mar0ls/go-sysproxy/sysproxy.go:93.10,94.57 1 1
github.com/mar0ls/go-sysproxy/sysproxy.go:99.28,101.2 1 1
github.com/mar0ls/go-sysproxy/sysproxy.go:104.56,105.61 1 0
github.com/mar0ls/go-sysproxy/sysproxy.go:105.61,106.14 1 0
github.com/mar0ls/go-sysproxy/sysproxy.go:106.14,107.46 1 0
github.com/mar0ls/go-sysproxy/sysproxy.go:107.46,109.5 1 0
github.com/mar0ls/go-sysproxy/sysproxy.go:112.2,112.15 1 0
github.com/mar0ls/go-sysproxy/sysproxy.go:113.18,115.13 2 0
github.com/mar0ls/go-sysproxy/sysproxy.go:116.17,118.27 2 0
github.com/mar0ls/go-sysproxy/sysproxy.go:119.19,121.29 2 0
github.com/mar0ls/go-sysproxy/sysproxy.go:122.10,123.57 1 0
github.com/mar0ls/go-sysproxy/sysproxy.go:129.52,130.47 1 0
github.com/mar0ls/go-sysproxy/sysproxy.go:130.47,132.3 1 0
github.com/mar0ls/go-sysproxy/sysproxy.go:133.2,133.15 1 0
github.com/mar0ls/go-sysproxy/sysproxy.go:134.18,136.13 2 0
github.com/mar0ls/go-sysproxy/sysproxy.go:137.17,139.28 2 0
github.com/mar0ls/go-sysproxy/sysproxy.go:140.19,142.30 2 0
github.com/mar0ls/go-sysproxy/sysproxy.go:143.10,144.57 1 0
github.com/mar0ls/go-sysproxy/sysproxy.go:154.110,156.45 2 0
github.com/mar0ls/go-sysproxy/sysproxy.go:156.45,158.3 1 0
github.com/mar0ls/go-sysproxy/sysproxy.go:159.2,159.15 1 0
github.com/mar0ls/go-sysproxy/sysproxy.go:159.15,160.35 1 0
github.com/mar0ls/go-sysproxy/sysproxy.go:160.35,162.4 1 0
github.com/mar0ls/go-sysproxy/sysproxy.go:162.9,164.4 1 0
github.com/mar0ls/go-sysproxy/sysproxy.go:166.2,166.16 1 0
github.com/mar0ls/go-sysproxy/sysproxy_darwin.go:11.44,13.2 1 0
github.com/mar0ls/go-sysproxy/sysproxy_darwin.go:15.32,17.16 2 0
github.com/mar0ls/go-sysproxy/sysproxy_darwin.go:17.16,19.3 1 0
github.com/mar0ls/go-sysproxy/sysproxy_darwin.go:20.2,20.31 1 0
github.com/mar0ls/go-sysproxy/sysproxy_darwin.go:20.31,21.19 1 0
github.com/mar0ls/go-sysproxy/sysproxy_darwin.go:21.19,25.4 3 0
github.com/mar0ls/go-sysproxy/sysproxy_darwin.go:25.9,29.4 3 0
github.com/mar0ls/go-sysproxy/sysproxy_darwin.go:30.3,32.64 3 0
github.com/mar0ls/go-sysproxy/sysproxy_darwin.go:34.2,34.12 1 0
github.com/mar0ls/go-sysproxy/sysproxy_darwin.go:37.26,39.16 2 0
github.com/mar0ls/go-sysproxy/sysproxy_darwin.go:39.16,41.3 1 0
github.com/mar0ls/go-sysproxy/sysproxy_darwin.go:42.2,42.31 1 0
github.com/mar0ls/go-sysproxy/sysproxy_darwin.go:42.31,46.3 3 0
github.com/mar0ls/go-sysproxy/sysproxy_darwin.go:47.2,47.12 1 0
github.com/mar0ls/go-sysproxy/sysproxy_darwin.go:50.34,52.38 2 1
github.com/mar0ls/go-sysproxy/sysproxy_darwin.go:52.38,54.3 1 0
github.com/mar0ls/go-sysproxy/sysproxy_darwin.go:55.2,56.16 2 1
github.com/mar0ls/go-sysproxy/sysproxy_darwin.go:56.16,58.3 1 0
github.com/mar0ls/go-sysproxy/sysproxy_darwin.go:59.2,61.56 3 1
github.com/mar0ls/go-sysproxy/sysproxy_darwin.go:61.56,62.10 1 1
github.com/mar0ls/go-sysproxy/sysproxy_darwin.go:63.48,64.18 1 0
github.com/mar0ls/go-sysproxy/sysproxy_darwin.go:65.43,66.65 1 1
github.com/mar0ls/go-sysproxy/sysproxy_darwin.go:67.41,68.63 1 1
github.com/mar0ls/go-sysproxy/sysproxy_darwin.go:71.2,71.42 1 1
github.com/mar0ls/go-sysproxy/sysproxy_darwin.go:71.42,73.3 1 0
github.com/mar0ls/go-sysproxy/sysproxy_darwin.go:74.2,74.50 1 1
github.com/mar0ls/go-sysproxy/sysproxy_darwin.go:77.40,79.16 2 0
github.com/mar0ls/go-sysproxy/sysproxy_darwin.go:79.16,81.3 1 0
github.com/mar0ls/go-sysproxy/sysproxy_darwin.go:82.2,82.31 1 0
github.com/mar0ls/go-sysproxy/sysproxy_darwin.go:82.31,85.3 2 0
github.com/mar0ls/go-sysproxy/sysproxy_darwin.go:86.2,86.12 1 0
github.com/mar0ls/go-sysproxy/sysproxy_darwin.go:89.44,91.16 2 0
github.com/mar0ls/go-sysproxy/sysproxy_darwin.go:91.16,93.3 1 0
github.com/mar0ls/go-sysproxy/sysproxy_darwin.go:94.2,94.31 1 0
github.com/mar0ls/go-sysproxy/sysproxy_darwin.go:94.31,95.21 1 0
github.com/mar0ls/go-sysproxy/sysproxy_darwin.go:95.21,98.4 2 0
github.com/mar0ls/go-sysproxy/sysproxy_darwin.go:99.3,99.22 1 0
github.com/mar0ls/go-sysproxy/sysproxy_darwin.go:99.22,102.4 2 0
github.com/mar0ls/go-sysproxy/sysproxy_darwin.go:103.3,103.22 1 0
github.com/mar0ls/go-sysproxy/sysproxy_darwin.go:103.22,106.4 2 0
github.com/mar0ls/go-sysproxy/sysproxy_darwin.go:107.3,107.24 1 0
github.com/mar0ls/go-sysproxy/sysproxy_darwin.go:107.24,109.4 1 0
github.com/mar0ls/go-sysproxy/sysproxy_darwin.go:111.2,111.12 1 0
github.com/mar0ls/go-sysproxy/sysproxy_darwin.go:114.47,116.16 2 1
github.com/mar0ls/go-sysproxy/sysproxy_darwin.go:116.16,118.3 1 0
github.com/mar0ls/go-sysproxy/sysproxy_darwin.go:119.2,120.56 2 1
github.com/mar0ls/go-sysproxy/sysproxy_darwin.go:120.56,121.59 1 1
github.com/mar0ls/go-sysproxy/sysproxy_darwin.go:121.59,122.12 1 1
github.com/mar0ls/go-sysproxy/sysproxy_darwin.go:124.3,124.47 1 1
github.com/mar0ls/go-sysproxy/sysproxy_darwin.go:126.2,126.18 1 1
github.com/mar0ls/go-sysproxy/validate.go:18.43,20.16 2 1
github.com/mar0ls/go-sysproxy/validate.go:20.16,22.3 1 1
github.com/mar0ls/go-sysproxy/validate.go:23.2,28.19 2 1
github.com/mar0ls/go-sysproxy/validate.go:28.19,31.3 2 1
github.com/mar0ls/go-sysproxy/validate.go:32.2,32.15 1 1
github.com/mar0ls/go-sysproxy/validate.go:35.44,37.56 2 1
github.com/mar0ls/go-sysproxy/validate.go:37.56,39.3 1 1
github.com/mar0ls/go-sysproxy/validate.go:40.2,40.34 1 1
github.com/mar0ls/go-sysproxy/validate.go:40.34,42.77 2 1
github.com/mar0ls/go-sysproxy/validate.go:42.77,44.4 1 1
github.com/mar0ls/go-sysproxy/validate.go:46.2,46.12 1 1
github.com/mar0ls/go-sysproxy/validate.go:49.42,52.41 1 0
github.com/mar0ls/go-sysproxy/validate.go:52.41,54.3 1 0
github.com/mar0ls/go-sysproxy/validate.go:55.2,55.12 1 0
